[2025-03-18 03:48:15] [INFO] Se envió el formulario
[2025-03-18 03:50:26] [INFO] Nombre recibido: 
[2025-03-18 03:50:26] [INFO] Correo recibido: za19011237@zapopan.tecmm.edu.mx
[2025-03-18 03:50:26] [INFO] Contraseña recibido: 12345
[2025-03-18 03:50:26] [INFO] Puesto recibido: Mantenimiento
[2025-03-18 03:50:59] [INFO] Nombre recibido: 
[2025-03-18 03:50:59] [INFO] Correo recibido: za19011237@zapopan.tecmm.edu.mx
[2025-03-18 03:50:59] [INFO] Contraseña recibido: 12345
[2025-03-18 03:50:59] [INFO] Puesto recibido: Mantenimiento
[2025-03-18 03:51:10] [INFO] Nombre recibido: Gerry Espinoza
[2025-03-18 03:51:10] [INFO] Correo recibido: za19011237@zapopan.tecmm.edu.mx
[2025-03-18 03:51:10] [INFO] Contraseña recibido: 12345
[2025-03-18 03:51:10] [INFO] Puesto recibido: Mantenimiento
[2025-03-18 03:51:52] [INFO] Nombre recibido: Gerry Espinoza
[2025-03-18 03:51:52] [INFO] Correo recibido: za19011237@zapopan.tecmm.edu.mx
[2025-03-18 03:51:52] [INFO] Contraseña recibido: 12345
[2025-03-18 03:51:52] [INFO] Puesto recibido: Mantenimiento
[2025-03-18 03:52:31] [INFO] Nombre recibido: Manuel Flores
[2025-03-18 03:52:31] [INFO] Correo recibido: gerry@gmail.com
[2025-03-18 03:52:31] [INFO] Contraseña recibido: 123
[2025-03-18 03:52:31] [INFO] Puesto recibido: Maestro
[2025-04-04 00:32:12] [INFO] Nombre recibido: Akary
[2025-04-04 00:32:12] [INFO] Correo recibido: akary@tecmm.edu.mx
[2025-04-04 00:32:12] [INFO] Numero de empleado recibido: 123456
[2025-04-04 00:32:12] [INFO] Puesto recibido: Profesor
